<?xml version="1.0" encoding="UTF-8"?>
<robot generator="Robot 3.2.2 (Python 3.8.10 on win32)" generated="20210901 14:52:45.493" rpa="false">
<suite id="s1" name="TestSuite1" source="C:\Users\jf.fischer\eclipse-workspace\RobotProject1\test\TestSuite1.robot">
<kw name="Log" library="BuiltIn" type="setup">
<doc>Logs the given message with the given level.</doc>
<arguments>
<arg>Start test suite</arg>
</arguments>
<msg timestamp="20210901 14:52:45.853" level="INFO">Start test suite</msg>
<status status="PASS" starttime="20210901 14:52:45.852" endtime="20210901 14:52:45.853"></status>
</kw>
<test id="s1-t1" name="MyFirstTest">
<kw name="Log" library="BuiltIn" type="setup">
<doc>Logs the given message with the given level.</doc>
<arguments>
<arg>Start test case</arg>
</arguments>
<msg timestamp="20210901 14:52:45.854" level="INFO">Start test case</msg>
<status status="PASS" starttime="20210901 14:52:45.854" endtime="20210901 14:52:45.854"></status>
</kw>
<kw name="Log" library="BuiltIn">
<doc>Logs the given message with the given level.</doc>
<arguments>
<arg>Hello world...</arg>
</arguments>
<msg timestamp="20210901 14:52:45.855" level="INFO">Hello world...</msg>
<status status="PASS" starttime="20210901 14:52:45.855" endtime="20210901 14:52:45.855"></status>
</kw>
<kw name="Log" library="BuiltIn" type="teardown">
<doc>Logs the given message with the given level.</doc>
<arguments>
<arg>This test was executed by %{username} on %{os}</arg>
</arguments>
<msg timestamp="20210901 14:52:45.856" level="INFO">This test was executed by jf.fischer on Windows_NT</msg>
<status status="PASS" starttime="20210901 14:52:45.855" endtime="20210901 14:52:45.856"></status>
</kw>
<tags>
<tag>Fast</tag>
</tags>
<status status="PASS" starttime="20210901 14:52:45.853" endtime="20210901 14:52:45.856" critical="yes"></status>
</test>
<kw name="Log" library="BuiltIn" type="teardown">
<doc>Logs the given message with the given level.</doc>
<arguments>
<arg>Test suite executed</arg>
</arguments>
<msg timestamp="20210901 14:52:45.857" level="INFO">Test suite executed</msg>
<status status="PASS" starttime="20210901 14:52:45.857" endtime="20210901 14:52:45.858"></status>
</kw>
<status status="PASS" starttime="20210901 14:52:45.496" endtime="20210901 14:52:45.858"></status>
</suite>
<statistics>
<total>
<stat pass="1" fail="0">Critical Tests</stat>
<stat pass="1" fail="0">All Tests</stat>
</total>
<tag>
<stat pass="1" fail="0">Fast</stat>
</tag>
<suite>
<stat pass="1" fail="0" id="s1" name="TestSuite1">TestSuite1</stat>
</suite>
</statistics>
<errors>
</errors>
</robot>
